
Options ResourceUsage=yes UseNutmegFormat=no EnableOptim=no TopDesignName="Rogers_4_lib:matckt_lab:schematic"
define matckta ( N__3 ) 
;parameters 
MLIN2:TL1  N__3 N__4 Subst="MSub1" W=2.8937 mm L=10 mm Wall1=2.5e+028 mm Wall2=2.5e+028 mm Mod=1 
MLIN2:TL2  N__4 N__1 Subst="MSub1" W=1.033220 mm L=21.677900 mm Wall1=2.5e+028 mm Wall2=2.5e+028 mm Mod=1 
R:R1  N__1 N__6 R=140 Ohm Noise=yes 
MLEF2:TL3  N__6 Subst="MSub1" W=9.959880 mm L=19.55460 mm Wall1=2.5e+028 mm Wall2=2.5e+028 mm Mod=1 
model MSub1 MSUB H=1.5 mm Er=4.3 Mur=1 Cond=1.0E+50 Hu=3.9e+034 mil T=0.035 mm TanD=0.02 Rough=0 mil DielectricLossModel=1 FreqForEpsrTanD=1.0 GHz LowFreqForTanD=1.0 kHz HighFreqForTanD=1.0 THz RoughnessModel=2 
end matckta
define matcktd ( N__5 ) 
;parameters 
MLIN2:TL1  N__5 N__4 Subst="MSub1" W=2.8937 mm L=10 mm Wall1=2.5e+028 mm Wall2=2.5e+028 mm Mod=1 
MLIN2:TL2  N__4 N__1 Subst="MSub1" W=1.033220 mm L=21.677900 mm Wall1=2.5e+028 mm Wall2=2.5e+028 mm Mod=1 
#uselib "ckt" , "SRL"
SRL:SRL1  N__1 N__6 R=140 Ohm L=10 nH 
MLEF2:TL3  N__6 Subst="MSub1" W=9.959880 mm L=19.55460 mm Wall1=2.5e+028 mm Wall2=2.5e+028 mm Mod=1 
model MSub1 MSUB H=1.5 mm Er=4.3 Mur=1 Cond=1.0E+50 Hu=3.9e+034 mil T=0.035 mm TanD=0.02 Rough=0 mil DielectricLossModel=1 FreqForEpsrTanD=1.0 GHz LowFreqForTanD=1.0 kHz HighFreqForTanD=1.0 THz RoughnessModel=2 
end matcktd
define matckte ( N__0 ) 
;parameters 
MLIN2:TL1  N__0 N__4 Subst="MSub1" W=2.8937 mm L=10 mm Wall1=2.5e+028 mm Wall2=2.5e+028 mm Mod=1 
MLIN2:TL2  N__4 N__1 Subst="MSub1" W=1.033220 mm L=21.677900 mm Wall1=2.5e+028 mm Wall2=2.5e+028 mm Mod=1 
#uselib "ckt" , "SRL"
SRL:SRL1  N__1 N__2 R=140 Ohm L=10 nH 
MLEF2:TL3  N__6 Subst="MSub1" W=9.959880 mm L=19.55460 mm Wall1=2.5e+028 mm Wall2=2.5e+028 mm Mod=1 
model MSub1 MSUB H=1.5 mm Er=4.3 Mur=1 Cond=1.0E+50 Hu=3.9e+034 mil T=0.035 mm TanD=0.02 Rough=0 mil DielectricLossModel=1 FreqForEpsrTanD=1.0 GHz LowFreqForTanD=1.0 kHz HighFreqForTanD=1.0 THz RoughnessModel=2 
C:C1  N__2 N__6 C=0.633 pF 
end matckte
define matdat ( N__1 ) 
;parameters 
#uselib "ckt" , "S1P"
S1P:SNP1  N__1 0 File="H:\RF_Lab\RF-Labs\Lab4\Rogers_4_wrk\Rogers_4_lib\TOUCHSTONE96.S1P" Type="touchstone" InterpMode="linear" InterpDom="" ExtrapMode="constant" Temp=27.0 CheckPassivity=0 
end matdat
S_Param:SP1 CalcS=yes CalcY=no CalcZ=no GroupDelayAperture=1e-4 FreqConversion=no FreqConversionPort=1 StatusLevel=2 CalcNoise=no SortNoise=0 BandwidthForNoise=1.0 Hz DevOpPtLevel=0 \
SweepVar="freq" SweepPlan="SP1_stim" OutputPlan="SP1_Output" 

SweepPlan: SP1_stim Start=300 kHz Stop=5 GHz Lin=400 

OutputPlan:SP1_Output \
      Type="Output" \
      UseEquationNestLevel=yes \
      EquationNestLevel=2 \
      UseSavedEquationNestLevel=yes \
      SavedEquationNestLevel=2

matcktd:I__1  N__1 
matckte:I__2  N__2 
matckta:I__3  N__4 
Port:Term1  N__4 0 Num=1 Z=50 Ohm Noise=yes 
Port:Term2  N__1 0 Num=2 Z=50 Ohm Noise=yes 
Port:Term3  N__2 0 Num=3 Z=50 Ohm Noise=yes 
matdat:I__10  N__8 
Port:Term4  N__8 0 Num=4 Z=50 Ohm Noise=yes 
